<?xml version="1.0" encoding="UTF-8"?>
<testsuite name="ssd.labs.calculator.math.RpnTransformerTest" tests="1" skipped="0" failures="0" errors="0" timestamp="2020-01-30T21:54:48" hostname="ilya-notebook" time="0.005">
  <properties/>
  <testcase name="test1" classname="ssd.labs.calculator.math.RpnTransformerTest" time="0.005"/>
  <system-out><![CDATA[]]></system-out>
  <system-err><![CDATA[]]></system-err>
</testsuite>
