<?xml version="1.0" encoding="UTF-8"?>
<testsuite name="ssd.labs.calculator.math.OperatorTests" tests="2" skipped="0" failures="0" errors="0" timestamp="2020-01-30T21:54:48" hostname="ilya-notebook" time="0.004">
  <properties/>
  <testcase name="operatorOfChar" classname="ssd.labs.calculator.math.OperatorTests" time="0.0"/>
  <testcase name="assertAssociativity" classname="ssd.labs.calculator.math.OperatorTests" time="0.003"/>
  <system-out><![CDATA[]]></system-out>
  <system-err><![CDATA[]]></system-err>
</testsuite>
