<?xml version="1.0" encoding="UTF-8"?>
<testsuite name="ssd.labs.calculator.math.OperandTokenTests" tests="2" skipped="0" failures="0" errors="0" timestamp="2020-01-30T21:54:48" hostname="ilya-notebook" time="0.002">
  <properties/>
  <testcase name="newTokenCorrect" classname="ssd.labs.calculator.math.OperandTokenTests" time="0.001"/>
  <testcase name="parsingTest" classname="ssd.labs.calculator.math.OperandTokenTests" time="0.001"/>
  <system-out><![CDATA[]]></system-out>
  <system-err><![CDATA[]]></system-err>
</testsuite>
