<?xml version="1.0" encoding="UTF-8"?>
<testsuite name="ssd.labs.calculator.cmd.BasicCmdTests" tests="1" skipped="0" failures="0" errors="0" timestamp="2020-01-30T21:54:48" hostname="ilya-notebook" time="0.008">
  <properties/>
  <testcase name="testExit" classname="ssd.labs.calculator.cmd.BasicCmdTests" time="0.008"/>
  <system-out><![CDATA[]]></system-out>
  <system-err><![CDATA[]]></system-err>
</testsuite>
