<?xml version="1.0" encoding="UTF-8"?>
<testsuite name="ssd.labs.calculator.cmd.HistoryStorageTests" tests="3" skipped="0" failures="0" errors="0" timestamp="2020-01-30T21:54:48" hostname="ilya-notebook" time="0.068">
  <properties/>
  <testcase name="testPrinter" classname="ssd.labs.calculator.cmd.HistoryStorageTests" time="0.063"/>
  <testcase name="testCleanUp" classname="ssd.labs.calculator.cmd.HistoryStorageTests" time="0.003"/>
  <testcase name="testAppend" classname="ssd.labs.calculator.cmd.HistoryStorageTests" time="0.0"/>
  <system-out><![CDATA[i11  = r22
]]></system-out>
  <system-err><![CDATA[]]></system-err>
</testsuite>
